{
  "RSpec": {
    "coverage": {
      "/home/poyo/Quipper/app/models/question.rb": [
        1,
        null,
        1,
        null,
        1,
        null
      ],
      "/home/poyo/Quipper/app/controllers/questions_controller.rb": [
        1,
        1,
        1,
        null,
        null,
        1,
        null,
        1,
        1,
        null,
        null,
        null,
        1,
        1,
        null,
        null,
        null,
        1,
        1,
        0,
        null,
        1,
        null,
        null,
        null,
        null,
        1,
        1,
        0,
        null,
        1,
        1,
        null,
        null,
        null,
        1,
        0,
        0,
        0,
        0,
        null,
        null,
        0,
        0,
        0,
        0,
        0,
        0,
        0,
        0,
        0,
        null,
        null,
        null,
        null,
        null,
        1,
        0,
        0,
        0,
        0,
        0,
        null,
        null,
        null,
        null,
        1,
        2,
        2,
        2,
        0,
        0,
        0,
        0,
        0,
        null,
        0,
        null,
        null,
        0,
        0,
        0,
        null,
        0,
        null,
        null,
        null,
        2,
        null,
        2,
        1,
        1,
        null,
        2,
        null,
        null,
        null,
        1,
        0,
        0,
        0,
        0,
        0,
        0,
        0,
        null,
        null,
        null
      ],
      "/home/poyo/Quipper/app/controllers/application_controller.rb": [
        1,
        1,
        null
      ],
      "/home/poyo/Quipper/app/models/application_record.rb": [
        0,
        0,
        0
      ],
      "/home/poyo/Quipper/app/helpers/application_helper.rb": [
        0,
        0,
        0,
        0,
        0,
        0,
        0,
        0,
        0,
        0,
        0,
        0,
        0,
        0,
        0,
        0,
        0,
        0,
        0,
        0,
        0,
        0,
        0,
        0,
        0,
        0
      ],
      "/home/poyo/Quipper/app/mailers/application_mailer.rb": [
        0,
        0,
        0,
        0
      ],
      "/home/poyo/Quipper/app/channels/application_cable/channel.rb": [
        0,
        0,
        0,
        0
      ],
      "/home/poyo/Quipper/app/channels/application_cable/connection.rb": [
        0,
        0,
        0,
        0
      ],
      "/home/poyo/Quipper/app/jobs/application_job.rb": [
        0,
        0
      ]
    },
    "timestamp": 1476636376
  }
}
